This file contains any messages produced by compilers while
running configure, to aid debugging if configure makes a mistake.

It was created by jabber.el configure 0.8.0, which was
generated by GNU Autoconf 2.61.  Invocation command line was

  $ ./configure 

## --------- ##
## Platform. ##
## --------- ##

hostname = katie
uname -m = i686
uname -r = 2.6.26-1-686
uname -s = Linux
uname -v = #1 SMP Wed Sep 24 15:02:04 UTC 2008

/usr/bin/uname -p = unknown
/bin/uname -X     = unknown

/bin/arch              = unknown
/usr/bin/arch -k       = unknown
/usr/convex/getsysinfo = unknown
/usr/bin/hostinfo      = unknown
/bin/machine           = unknown
/usr/bin/oslevel       = unknown
/bin/universe          = unknown

PATH: /usr/local/bin
PATH: /usr/bin
PATH: /bin
PATH: /usr/games


## ----------- ##
## Core tests. ##
## ----------- ##

configure:1714: checking for a BSD-compatible install
configure:1770: result: /usr/bin/install -c
configure:1781: checking whether build environment is sane
configure:1824: result: yes
configure:1852: checking for a thread-safe mkdir -p
configure:1891: result: /bin/mkdir -p
configure:1904: checking for gawk
configure:1920: found /usr/bin/gawk
configure:1931: result: gawk
configure:1942: checking whether make sets $(MAKE)
configure:1963: result: yes
configure:2160: checking for emacs
configure:2176: found /usr/local/bin/emacs
configure:2187: result: emacs
configure:2211: checking where .elc files should go
configure:2224: $EMACS -batch -q -eval '(while load-path (princ (concat (car load-path) "\n")) (setq load-path (cdr load-path)))' </dev/null >conftest.out
configure:2227: $? = 0
configure:2240: result: ${datarootdir}/emacs/site-lisp
configure:2256: checking whether emacs has library sha1
configure:2264: $EMACS -batch -l conftest.el
configure:2267: $? = 0
configure:2276: result: yes
configure:2286: checking whether emacs has library sha1-el
configure:2294: $EMACS -batch -l conftest.el
Cannot open load file: sha1-el
configure:2297: $? = 255
configure:2306: result: no
configure:2316: checking whether emacs has library hex-util
configure:2324: $EMACS -batch -l conftest.el
configure:2327: $? = 0
configure:2336: result: yes
configure:2509: creating ./config.status

## ---------------------- ##
## Running config.status. ##
## ---------------------- ##

This file was extended by jabber.el config.status 0.8.0, which was
generated by GNU Autoconf 2.61.  Invocation command line was

  CONFIG_FILES    = 
  CONFIG_HEADERS  = 
  CONFIG_LINKS    = 
  CONFIG_COMMANDS = 
  $ ./config.status 

on katie

config.status:597: creating Makefile
config.status:597: creating tests/Makefile
config.status:597: creating jabber-ourversion.el

## ---------------- ##
## Cache variables. ##
## ---------------- ##

ac_cv_env_EMACSLOADPATH_set=
ac_cv_env_EMACSLOADPATH_value=
ac_cv_env_EMACS_set=
ac_cv_env_EMACS_value=
ac_cv_env_build_alias_set=
ac_cv_env_build_alias_value=
ac_cv_env_host_alias_set=
ac_cv_env_host_alias_value=
ac_cv_env_target_alias_set=
ac_cv_env_target_alias_value=
ac_cv_path_install='/usr/bin/install -c'
ac_cv_path_mkdir=/bin/mkdir
ac_cv_prog_AWK=gawk
ac_cv_prog_EMACS=emacs
ac_cv_prog_make_make_set=yes
am_cv_lispdir='${datarootdir}/emacs/site-lisp'
ax_cv_emacs_lib_hex_util=yes
ax_cv_emacs_lib_sha1=yes
ax_cv_emacs_lib_sha1_el=no

## ----------------- ##
## Output variables. ##
## ----------------- ##

ACLOCAL='${SHELL} /home/dmm/emacs/site-lisp/emacs-jabber/missing --run aclocal-1.10'
AMTAR='${SHELL} /home/dmm/emacs/site-lisp/emacs-jabber/missing --run tar'
AUTOCONF='${SHELL} /home/dmm/emacs/site-lisp/emacs-jabber/missing --run autoconf'
AUTOHEADER='${SHELL} /home/dmm/emacs/site-lisp/emacs-jabber/missing --run autoheader'
AUTOMAKE='${SHELL} /home/dmm/emacs/site-lisp/emacs-jabber/missing --run automake-1.10'
AWK='gawk'
CYGPATH_W='echo'
DEFS='-DPACKAGE_NAME=\"jabber.el\" -DPACKAGE_TARNAME=\"emacs-jabber\" -DPACKAGE_VERSION=\"0.8.0\" -DPACKAGE_STRING=\"jabber.el\ 0.8.0\" -DPACKAGE_BUGREPORT=\"emacs-jabber-general@lists.sourceforge.net\" -DPACKAGE=\"emacs-jabber\" -DVERSION=\"0.8.0\"'
ECHO_C=''
ECHO_N='-n'
ECHO_T=''
EMACS='emacs'
EMACSLOADPATH=''
INSTALL_DATA='${INSTALL} -m 644'
INSTALL_PROGRAM='${INSTALL}'
INSTALL_SCRIPT='${INSTALL}'
INSTALL_STRIP_PROGRAM='$(install_sh) -c -s'
LIBOBJS=''
LIBS=''
LTLIBOBJS=''
MAKEINFO='${SHELL} /home/dmm/emacs/site-lisp/emacs-jabber/missing --run makeinfo'
PACKAGE='emacs-jabber'
PACKAGE_BUGREPORT='emacs-jabber-general@lists.sourceforge.net'
PACKAGE_NAME='jabber.el'
PACKAGE_STRING='jabber.el 0.8.0'
PACKAGE_TARNAME='emacs-jabber'
PACKAGE_VERSION='0.8.0'
PATH_SEPARATOR=':'
SET_MAKE=''
SHELL='/bin/sh'
STRIP=''
USE_OUR_HEX_UTIL_FALSE=''
USE_OUR_HEX_UTIL_TRUE='#'
USE_OUR_SHA1_FALSE=''
USE_OUR_SHA1_TRUE='#'
VERSION='0.8.0'
am__isrc=''
am__leading_dot='.'
am__tar='${AMTAR} chof - "$$tardir"'
am__untar='${AMTAR} xf -'
bindir='${exec_prefix}/bin'
build_alias=''
datadir='${datarootdir}'
datarootdir='${prefix}/share'
docdir='${datarootdir}/doc/${PACKAGE_TARNAME}'
dvidir='${docdir}'
exec_prefix='${prefix}'
host_alias=''
htmldir='${docdir}'
includedir='${prefix}/include'
infodir='${datarootdir}/info'
install_sh='$(SHELL) /home/dmm/emacs/site-lisp/emacs-jabber/install-sh'
libdir='${exec_prefix}/lib'
libexecdir='${exec_prefix}/libexec'
lispdir='${datarootdir}/emacs/site-lisp'
localedir='${datarootdir}/locale'
localstatedir='${prefix}/var'
mandir='${datarootdir}/man'
mkdir_p='/bin/mkdir -p'
oldincludedir='/usr/include'
pdfdir='${docdir}'
prefix='/usr/local'
program_transform_name='s,x,x,'
psdir='${docdir}'
sbindir='${exec_prefix}/sbin'
sharedstatedir='${prefix}/com'
sysconfdir='${prefix}/etc'
target_alias=''

## ----------- ##
## confdefs.h. ##
## ----------- ##

#define PACKAGE_NAME "jabber.el"
#define PACKAGE_TARNAME "emacs-jabber"
#define PACKAGE_VERSION "0.8.0"
#define PACKAGE_STRING "jabber.el 0.8.0"
#define PACKAGE_BUGREPORT "emacs-jabber-general@lists.sourceforge.net"
#define PACKAGE "emacs-jabber"
#define VERSION "0.8.0"

configure: exit 0
